
{"level":30,"time":1713223584773,"pid":77971,"hostname":"Lorenzs-MBP.fritz.box","msg":"Anfrage erhalten: GET /friends/reccommendations/l"}
{"level":30,"time":1713223701227,"pid":77971,"hostname":"Lorenzs-MBP.fritz.box","msg":"Anfrage erhalten: GET /friends/reccommendations/l"}
{"level":30,"time":1713223703261,"pid":77971,"hostname":"Lorenzs-MBP.fritz.box","msg":"Anfrage erhalten: GET /friends/reccommendations/l"}
{"level":30,"time":1713223962693,"pid":78199,"hostname":"Lorenzs-MBP.fritz.box","msg":"Anfrage erhalten: GET /friends/reccommendations/l"}
{"level":30,"time":1713223964001,"pid":78199,"hostname":"Lorenzs-MBP.fritz.box","msg":"Anfrage erhalten: GET /friends/reccommendations/l"}
{"level":30,"time":1713223976003,"pid":78199,"hostname":"Lorenzs-MBP.fritz.box","msg":"Anfrage erhalten: GET /friends/reccommendations/l"}
{"level":30,"time":1713223976768,"pid":78199,"hostname":"Lorenzs-MBP.fritz.box","msg":"Anfrage erhalten: GET /friends/reccommendations/l"}
{"level":30,"time":1713223977251,"pid":78199,"hostname":"Lorenzs-MBP.fritz.box","msg":"Anfrage erhalten: GET /friends/reccommendations/l"}
{"level":30,"time":1713224051479,"pid":78281,"hostname":"Lorenzs-MBP.fritz.box","msg":"Anfrage erhalten: GET /friends/reccommendations/l"}
{"level":30,"time":1713224106230,"pid":78328,"hostname":"Lorenzs-MBP.fritz.box","msg":"Anfrage erhalten: GET /friends/reccommendations/l"}
{"level":30,"time":1713224152963,"pid":78375,"hostname":"Lorenzs-MBP.fritz.box","msg":"Anfrage erhalten: GET /friends/reccommendations/l"}
{"level":30,"time":1713224155271,"pid":78375,"hostname":"Lorenzs-MBP.fritz.box","msg":"Anfrage erhalten: GET /friends/reccommendations/l"}
{"level":30,"time":1713224205633,"pid":78441,"hostname":"Lorenzs-MBP.fritz.box","msg":"Anfrage erhalten: GET /friends/reccommendations/l"}
{"level":30,"time":1713224243432,"pid":78491,"hostname":"Lorenzs-MBP.fritz.box","msg":"Anfrage erhalten: GET /friends/reccommendations/l"}
{"level":30,"time":1713224329220,"pid":78539,"hostname":"Lorenzs-MBP.fritz.box","msg":"Anfrage erhalten: GET /friends/reccommendations/l"}
{"level":30,"time":1713227243285,"pid":80427,"hostname":"Lorenzs-MBP.fritz.box","msg":"Anfrage erhalten: POST /user/changePassword/Cryptocryxx/psw"}
{"level":30,"time":1713227301440,"pid":80500,"hostname":"Lorenzs-MBP.fritz.box","msg":"Anfrage erhalten: POST /user/changePassword/Cryptocryxx/psw"}
{"level":30,"time":1713227335230,"pid":80500,"hostname":"Lorenzs-MBP.fritz.box","msg":"Anfrage erhalten: GET /login/Cryptocryxx/psw"}
{"level":30,"time":1713227353800,"pid":80552,"hostname":"Lorenzs-MBP.fritz.box","msg":"Anfrage erhalten: GET /login/Cryptocryxx/psw"}
{"level":30,"time":1713227396836,"pid":80584,"hostname":"Lorenzs-MBP.fritz.box","msg":"Anfrage erhalten: POST /user/changePassword/Cryptocryxx/psw"}
{"level":30,"time":1713227411594,"pid":80584,"hostname":"Lorenzs-MBP.fritz.box","msg":"Anfrage erhalten: GET /login/Cryptocryxx/psw"}
{"level":30,"time":1713227479663,"pid":80584,"hostname":"Lorenzs-MBP.fritz.box","msg":"Anfrage erhalten: POST /user/changePassword/Cryptocryxx/psw"}
{"level":30,"time":1713227556431,"pid":80714,"hostname":"Lorenzs-MBP.fritz.box","msg":"Anfrage erhalten: POST /user/changePassword/Cryptocryxx/psw"}
{"level":30,"time":1713227583244,"pid":80714,"hostname":"Lorenzs-MBP.fritz.box","msg":"Anfrage erhalten: POST /user/changePassword/Cryptocryxx/psw"}
{"level":30,"time":1713227584925,"pid":80714,"hostname":"Lorenzs-MBP.fritz.box","msg":"Anfrage erhalten: POST /user/changePassword/Cryptocryxx/psw"}
{"level":30,"time":1713227708014,"pid":80821,"hostname":"Lorenzs-MBP.fritz.box","msg":"Anfrage erhalten: POST /user/changePassword/Cryptocryxx/psw"}
{"level":30,"time":1713227743598,"pid":80862,"hostname":"Lorenzs-MBP.fritz.box","msg":"Anfrage erhalten: POST /user/changePassword/Cryptocryxx/psw"}
{"level":30,"time":1713227785969,"pid":80862,"hostname":"Lorenzs-MBP.fritz.box","msg":"Anfrage erhalten: POST /user/changePassword/Cryptocryxx/psw"}
{"level":30,"time":1713228809258,"pid":81716,"hostname":"Lorenzs-MBP.fritz.box","msg":"Anfrage erhalten: GET /friends/gamsa/m"}
{"level":30,"time":1713229716655,"pid":82156,"hostname":"Lorenzs-MBP.fritz.box","msg":"Anfrage erhalten: GET /friends/gamsa/m"}
{"level":30,"time":1713229777275,"pid":82202,"hostname":"Lorenzs-MBP.fritz.box","msg":"Anfrage erhalten: GET /friends/gamsa/m"}
{"level":30,"time":1713230010704,"pid":82405,"hostname":"Lorenzs-MBP.fritz.box","msg":"Anfrage erhalten: GET /friends/gamsa/m"}
{"level":30,"time":1713230019218,"pid":82405,"hostname":"Lorenzs-MBP.fritz.box","msg":"Anfrage erhalten: GET /friends/gamsa/m"}
{"level":30,"time":1713230100205,"pid":82468,"hostname":"Lorenzs-MBP.fritz.box","msg":"Anfrage erhalten: GET /friends/gamsa/m"}
{"level":30,"time":1713230190443,"pid":82543,"hostname":"Lorenzs-MBP.fritz.box","msg":"Anfrage erhalten: GET /friends/gamsa/m"}
{"level":30,"time":1713230382716,"pid":82648,"hostname":"Lorenzs-MBP.fritz.box","msg":"Anfrage erhalten: GET /friends/gamsa/m"}
{"level":30,"time":1713230613151,"pid":82778,"hostname":"Lorenzs-MBP.fritz.box","msg":"Anfrage erhalten: GET /friends/gamsa/m"}
{"level":30,"time":1713231078638,"pid":83106,"hostname":"Lorenzs-MBP.fritz.box","msg":"Anfrage erhalten: GET /friends/gamsa/m"}
{"level":30,"time":1713231179039,"pid":83176,"hostname":"Lorenzs-MBP.fritz.box","msg":"Anfrage erhalten: GET /friends/gamsa/m"}
{"level":30,"time":1713231182953,"pid":83176,"hostname":"Lorenzs-MBP.fritz.box","msg":"Anfrage erhalten: GET /friends/gamsa/m"}
{"level":30,"time":1713269413010,"pid":10716,"hostname":"DESKTOP-NNG1IE3","msg":"Anfrage erhalten: GET /imageUpload/gamsa%20HTTP1.1"}
